203125000
109375000
109375000
140625000
109375000
140625000
109375000
234375000
109375000
93750000
171875000
93750000
109375000
93750000
109375000
78125000
109375000
109375000
109375000
93750000
125000000
125000000
78125000
125000000
78125000
93750000
109375000
78125000
93750000
281250000
78125000
234375000
93750000
93750000
93750000
78125000
93750000
109375000
109375000
93750000
218750000
78125000
78125000
203125000
109375000
93750000
93750000
93750000
78125000
140625000
156250000
93750000
125000000
78125000
93750000
93750000
93750000
93750000
140625000
125000000
78125000
218750000
93750000
187500000
109375000
93750000
93750000
125000000
234375000
93750000
171875000
109375000
93750000
93750000
93750000
93750000
93750000
125000000
109375000
203125000
171875000
93750000
125000000
109375000
187500000
93750000
109375000
109375000
93750000
125000000
93750000
234375000
93750000
187500000
109375000
187500000
109375000
93750000
93750000
125000000
78125000
109375000
109375000
109375000
109375000
140625000
93750000
156250000
125000000
109375000
125000000
109375000
78125000
125000000
93750000
109375000
109375000
171875000
109375000
109375000
109375000
93750000
140625000
93750000
93750000
140625000
93750000
125000000
93750000
93750000
78125000
109375000
93750000
93750000
125000000
78125000
156250000
93750000
109375000
187500000
125000000
93750000
93750000
125000000
93750000
125000000
93750000
93750000
140625000
109375000
93750000
78125000
125000000
93750000
93750000
93750000
93750000
187500000
109375000
125000000
78125000
109375000
109375000
78125000
109375000
218750000
93750000
78125000
109375000
93750000
203125000
140625000
109375000
93750000
109375000
125000000
93750000
140625000
140625000
93750000
125000000
78125000
187500000
109375000
93750000
93750000
171875000
140625000
78125000
109375000
93750000
109375000
93750000
203125000
203125000
93750000
140625000
78125000
93750000
109375000
109375000
187500000
109375000
109375000
93750000
109375000
109375000
78125000
203125000
93750000
93750000
109375000
125000000
93750000
203125000
109375000
93750000
171875000
93750000
109375000
109375000
109375000
78125000
171875000
109375000
78125000
125000000
109375000
93750000
171875000
93750000
109375000
93750000
140625000
93750000
140625000
140625000
93750000
109375000
93750000
93750000
93750000
109375000
78125000
187500000
125000000
93750000
140625000
109375000
125000000
93750000
109375000
109375000
93750000
140625000
78125000
109375000
109375000
187500000
93750000
109375000
125000000
203125000
109375000
109375000
93750000
171875000
93750000
93750000
78125000
187500000
109375000
93750000
109375000
78125000
93750000
93750000
187500000
93750000
109375000
93750000
93750000
109375000
109375000
78125000
187500000
93750000
93750000
93750000
125000000
187500000
93750000
125000000
171875000
93750000
218750000
93750000
109375000
93750000
