0.6469933986663818
0.1197669506072998
0.1192936897277832
0.1481485366821289
0.11471700668334961
0.14367151260375977
0.10671353340148926
0.11753153800964355
0.10765624046325684
0.10417294502258301
0.08775448799133301
0.10310554504394531
0.11967873573303223
0.10571575164794922
0.1300525665283203
0.10603618621826172
0.10568571090698242
0.11909651756286621
0.12694168090820312
0.09427046775817871
0.12926173210144043
0.10707688331604004
0.08938908576965332
0.13669729232788086
0.0921182632446289
0.10458707809448242
0.1153252124786377
0.09526491165161133
0.09627223014831543
1.6102399826049805
0.08731603622436523
0.1331775188446045
0.09765434265136719
0.09526658058166504
0.10600781440734863
0.0888822078704834
0.10152268409729004
0.11087417602539062
0.10021686553955078
0.09334111213684082
0.1889173984527588
0.08623600006103516
0.08768296241760254
0.13776803016662598
0.11229753494262695
0.10426902770996094
0.10600423812866211
0.10044336318969727
0.09334635734558105
0.11057877540588379
0.1332385540008545
0.0911111831665039
0.13567018508911133
0.08965682983398438
0.1047670841217041
0.10904550552368164
0.10336184501647949
0.10042023658752441
0.11306524276733398
0.13021039962768555
0.09420633316040039
0.13564205169677734
0.09910345077514648
0.09404134750366211
0.10931706428527832
0.09896469116210938
0.10796594619750977
0.12958836555480957
0.1311635971069336
0.09474492073059082
0.11968064308166504
0.10759186744689941
0.09545326232910156
0.10446786880493164
0.10251045227050781
0.10044288635253906
0.09207820892333984
0.13154911994934082
0.1006312370300293
0.09121537208557129
0.1489427089691162
0.0913541316986084
0.12540864944458008
0.10759425163269043
0.1125783920288086
0.0961463451385498
0.10352182388305664
0.12257742881774902
0.09018254280090332
0.13353991508483887
0.0997321605682373
0.11369538307189941
0.10372114181518555
0.09075045585632324
0.10870790481567383
0.10772109031677246
0.11469340324401855
0.09076213836669922
0.09973263740539551
0.13062047958374023
0.0923166275024414
0.11028265953063965
0.11022806167602539
0.10281825065612793
0.10240864753723145
0.1610276699066162
0.09513449668884277
0.19281649589538574
0.09275102615356445
0.11877083778381348
0.1351912021636963
0.10093855857849121
0.13118195533752441
0.1279456615447998
0.10176873207092285
0.1063694953918457
0.11959314346313477
0.1210622787475586
0.10743474960327148
0.11757588386535645
0.10218691825866699
0.10390591621398926
0.13757061958312988
0.0917513370513916
0.09289669990539551
0.1395246982574463
0.10883855819702148
0.14109516143798828
0.10289239883422852
0.10360527038574219
0.09372210502624512
0.12138509750366211
0.09498143196105957
0.09199357032775879
0.1362292766571045
0.08759069442749023
0.19698381423950195
0.09697079658508301
0.11619043350219727
0.11326456069946289
0.12582945823669434
0.09031057357788086
0.10085248947143555
0.12150454521179199
0.09245467185974121
0.12851810455322266
0.1044924259185791
0.10063433647155762
0.09865808486938477
0.1172633171081543
0.10514116287231445
0.08738350868225098
0.13016605377197266
0.10151481628417969
0.10152029991149902
0.10555028915405273
0.10276007652282715
0.11107206344604492
0.11083030700683594
0.1254289150238037
0.0909268856048584
0.11648797988891602
0.1107020378112793
0.08677840232849121
0.11017465591430664
0.10635852813720703
0.10276389122009277
0.09033656120300293
0.11959385871887207
0.1007230281829834
0.08900594711303711
0.13345026969909668
0.09175372123718262
0.09726881980895996
0.1411738395690918
0.12030339241027832
0.09839463233947754
0.14857816696166992
0.10112500190734863
0.09588885307312012
0.13910222053527832
0.09219694137573242
0.10625672340393066
0.11536955833435059
0.1041104793548584
0.09577274322509766
0.12678194046020508
0.10805368423461914
0.09050798416137695
0.12096786499023438
0.09801340103149414
0.10372233390808105
0.09345054626464844
0.11700868606567383
0.12035894393920898
0.09824395179748535
0.15120530128479004
0.0915982723236084
0.11073994636535645
0.11187863349914551
0.10527491569519043
0.10111260414123535
0.10847043991088867
0.10514569282531738
0.09523892402648926
0.11233329772949219
0.11392831802368164
0.09000945091247559
0.1603548526763916
0.09618568420410156
0.11084318161010742
0.11169910430908203
0.11186885833740234
0.0963888168334961
0.13843607902526855
0.10970640182495117
0.09773945808410645
0.13962483406066895
0.08876276016235352
0.10272717475891113
0.11868429183959961
0.11170220375061035
0.09275078773498535
0.11170125007629395
0.10771369934082031
0.08676695823669434
0.12766075134277344
0.10143423080444336
0.09525227546691895
0.11211919784545898
0.10072636604309082
0.11780261993408203
0.09276342391967773
0.14494943618774414
0.09175586700439453
0.16803455352783203
0.09320402145385742
0.10394287109375
0.11090826988220215
0.09965205192565918
0.10509014129638672
0.09838604927062988
0.11263656616210938
0.0928497314453125
0.09357190132141113
0.12718892097473145
0.09519076347351074
0.10969948768615723
0.11147189140319824
0.09288382530212402
0.10747408866882324
0.11837077140808105
0.11351728439331055
0.09194111824035645
0.15946006774902344
0.09331750869750977
0.1077585220336914
0.10963201522827148
0.09610414505004883
0.10639071464538574
0.10998368263244629
0.11339092254638672
0.09632325172424316
0.11302328109741211
0.11390900611877441
0.09666299819946289
0.11326122283935547
0.09675216674804688
0.10506939888000488
0.09464740753173828
0.12378954887390137
0.10951995849609375
0.09436249732971191
0.15269136428833008
0.09271883964538574
0.10422539710998535
0.10510873794555664
0.0885469913482666
0.10828471183776855
0.1119394302368164
0.10236120223999023
0.09224534034729004
0.11611795425415039
0.1184854507446289
0.08830976486206055
0.1135258674621582
0.09711003303527832
0.10182785987854004
0.09256911277770996
0.11650395393371582
0.10603451728820801
0.08934569358825684
0.13034582138061523
0.08627104759216309
0.0880730152130127
0.13480710983276367
0.09450840950012207
0.10170555114746094
0.09959053993225098
