0
0
0
0
0
0
0
125000000
0
0
0
0
0
0
0
0
0
0
0
0
0
0
0
0
0
0
0
0
0
0
0
125000000
0
0
0
0
0
0
0
0
0
0
0
0
0
0
0
0
0
0
0
0
0
0
0
0
0
0
0
0
0
0
0
0
0
0
0
0
0
0
62500000
0
0
0
0
0
0
0
0
125000000
0
0
0
0
0
0
0
0
0
0
0
125000000
0
0
0
0
0
0
0
0
0
0
0
0
0
0
0
0
0
0
0
0
0
0
0
0
0
0
0
0
0
0
0
0
0
0
0
0
0
0
0
0
0
0
0
0
0
0
0
0
0
0
0
0
0
0
0
0
0
0
0
0
0
0
0
0
0
0
0
0
0
0
0
0
0
125000000
0
0
0
0
0
0
0
0
0
0
0
0
0
0
0
0
0
0
0
0
62500000
0
0
0
0
0
0
93750000
15625000
0
0
0
0
0
0
0
0
0
0
0
0
0
0
0
0
0
0
0
78125000
0
0
0
0
0
0
0
0
78125000
0
0
0
0
0
0
0
0
0
0
0
0
0
0
0
0
0
0
0
0
109375000
0
0
0
0
0
0
0
0
0
0
0
0
0
0
0
0
0
125000000
0
0
0
0
0
0
0
78125000
0
0
0
0
0
0
0
0
0
0
0
0
0
0
0
0
0
0
0
93750000
0
0
0
0
0
0
0
0
