0.05209541320800781
0.00101470947265625
5.9604644775390625e-05
0.0009965896606445312
0.0
0.0009975433349609375
0.0009951591491699219
0.0009984970092773438
0.0
0.0009756088256835938
0.0
0.0009968280792236328
0.0009975433349609375
0.0009970664978027344
0.0
0.0009729862213134766
0.0009989738464355469
0.0009968280792236328
0.0009975433349609375
0.0010423660278320312
0.0009970664978027344
0.0009968280792236328
0.0009958744049072266
0.0009965896606445312
0.000997781753540039
0.0013256072998046875
0.0
0.0010089874267578125
0.0
0.0005533695220947266
0.0009784698486328125
0.0009660720825195312
0.0009968280792236328
0.0009984970092773438
0.000993967056274414
0.000997304916381836
0.0010023117065429688
0.0
0.0009968280792236328
0.0
0.0009970664978027344
0.0
0.0009963512420654297
0.0
0.0010039806365966797
0.000997304916381836
0.0009984970092773438
0.0009958744049072266
0.0009975433349609375
0.0009984970092773438
0.0
0.0010001659393310547
0.0
0.0010442733764648438
0.0010025501251220703
0.0009980201721191406
0.000997304916381836
0.0009982585906982422
0.0010552406311035156
0.0009992122650146484
0.0009970664978027344
0.0
0.0010209083557128906
0.0009965896606445312
0.0009961128234863281
0.0010173320770263672
0.0010221004486083984
0.0
0.0
0.0010001659393310547
0.0009961128234863281
0.0009975433349609375
0.0009953975677490234
0.0009982585906982422
0.0009961128234863281
0.0009984970092773438
0.0
0.0009965896606445312
0.0010559558868408203
0.0009984970092773438
0.0009984970092773438
0.0009984970092773438
0.0019969940185546875
0.000997304916381836
0.0009963512420654297
0.0009989738464355469
0.0
0.0010209083557128906
0.0009810924530029297
0.0009968280792236328
0.0009984970092773438
0.0009989738464355469
0.0
0.0009996891021728516
0.0010223388671875
0.000997781753540039
0.0009989738464355469
0.0019767284393310547
0.0009965896606445312
0.0009951591491699219
0.0
0.0009975433349609375
0.0
0.0010390281677246094
0.0010290145874023438
0.0
0.0
0.000997781753540039
0.0
0.000997781753540039
0.0009987354278564453
0.0009965896606445312
0.0009975433349609375
0.0009930133819580078
0.0
0.000997304916381836
0.0010318756103515625
0.0009958744049072266
0.0009958744049072266
0.001994609832763672
0.0009729862213134766
0.0
0.0009942054748535156
0.0
0.0
0.0010304450988769531
0.000997781753540039
0.000997304916381836
0.0009965896606445312
0.0
0.0009975433349609375
0.0009996891021728516
0.0009965896606445312
0.0
0.0009963512420654297
0.0012116432189941406
0.0010006427764892578
0.000997781753540039
0.0009984970092773438
0.0014526844024658203
0.0009968280792236328
0.0012331008911132812
0.0009908676147460938
0.0
0.000997304916381836
0.0
0.0009963512420654297
0.002023458480834961
0.0009970664978027344
0.0009970664978027344
0.000997781753540039
0.000997304916381836
0.0
0.0010094642639160156
0.0009908676147460938
0.000997304916381836
0.0010104179382324219
0.0
0.0009975433349609375
0.0009984970092773438
0.0010213851928710938
0.0009963512420654297
0.0009992122650146484
0.0009984970092773438
0.0009975433349609375
0.0009975433349609375
0.0009961128234863281
0.0009984970092773438
0.0009951591491699219
0.0009968280792236328
0.0009989738464355469
0.0009989738464355469
0.0
0.0
0.0
0.0010156631469726562
0.0009911060333251953
0.000997304916381836
0.0
0.000997781753540039
0.0009970664978027344
0.000995635986328125
0.0
0.000997304916381836
0.0009970664978027344
0.000997304916381836
0.0009951591491699219
0.0009968280792236328
0.0009729862213134766
0.0
0.0009968280792236328
0.000997781753540039
0.0
0.0009965896606445312
0.0010006427764892578
0.0009965896606445312
0.0
0.0
0.0009965896606445312
0.0
0.0009996891021728516
0.0009975433349609375
0.0
0.0009946823120117188
0.0009660720825195312
0.0010066032409667969
0.0009975433349609375
0.0009965896606445312
0.0
0.0009942054748535156
0.0009992122650146484
0.0
0.0009963512420654297
0.000997781753540039
0.0009965896606445312
0.0009992122650146484
0.0
0.000997781753540039
0.0
0.0010004043579101562
0.00099945068359375
0.0009980201721191406
0.0009999275207519531
0.000997304916381836
0.0009975433349609375
0.0009982585906982422
0.0
0.0009975433349609375
0.0
0.0
0.0015020370483398438
0.0012171268463134766
0.0010068416595458984
0.0009980201721191406
0.000986337661743164
0.0
0.00099945068359375
0.0
0.0
0.0010137557983398438
0.0009980201721191406
0.0009975433349609375
0.0010237693786621094
0.0014612674713134766
0.0009741783142089844
0.0019958019256591797
0.0009975433349609375
0.0009970664978027344
0.0009961128234863281
0.0010075569152832031
0.0009982585906982422
0.0
0.0
9.5367431640625e-05
0.0
0.0009975433349609375
0.0
0.0009958744049072266
0.0009963512420654297
0.0009777545928955078
0.000995635986328125
0.0
0.0009737014770507812
0.000997781753540039
0.0009992122650146484
0.0009958744049072266
0.0
0.000997304916381836
0.0
0.000997304916381836
0.0009968280792236328
0.0009965896606445312
0.0
0.0009946823120117188
0.0009975433349609375
0.0009958744049072266
0.0
0.0009965896606445312
0.0010225772857666016
0.0
0.000997304916381836
0.0
0.000993490219116211
0.0009970664978027344
0.0009698867797851562
0.0009965896606445312
0.0
0.0009961128234863281
0.0009961128234863281
0.0009839534759521484
0.000997304916381836
0.0009992122650146484
0.0
0.0009958744049072266
0.001004934310913086
0.0009987354278564453
0.001024007797241211
0.0010111331939697266
0.0009989738464355469
