0.09639096260070801
0.11276793479919434
0.1132497787475586
0.1411285400390625
0.11072874069213867
0.13768672943115234
0.1017305850982666
0.1105504035949707
0.10162496566772461
0.09122371673583984
0.08077549934387207
0.0960230827331543
0.1077120304107666
0.09873604774475098
0.12307524681091309
0.08823800086975098
0.0999443531036377
0.1131124496459961
0.12095522880554199
0.08823943138122559
0.12323451042175293
0.09909915924072266
0.08353900909423828
0.1305530071258545
0.08708834648132324
0.09693479537963867
0.11029291152954102
0.08827853202819824
0.08928799629211426
0.10347390174865723
0.0833444595336914
0.1224207878112793
0.08956193923950195
0.08928179740905762
0.09803128242492676
0.08190131187438965
0.09356474876403809
0.10489416122436523
0.09516787528991699
0.08735513687133789
0.1535651683807373
0.08023834228515625
0.08070206642150879
0.13178610801696777
0.10723996162414551
0.09726715087890625
0.10187768936157227
0.09445834159851074
0.08734560012817383
0.10359072685241699
0.12821078300476074
0.08607721328735352
0.12938737869262695
0.08362483978271484
0.09677743911743164
0.10184931755065918
0.09837079048156738
0.09443306922912598
0.1069936752319336
0.1262211799621582
0.08918356895446777
0.12068390846252441
0.09205842018127441
0.08805561065673828
0.1023402214050293
0.09295535087585449
0.10093355178833008
0.10667252540588379
0.12717461585998535
0.08776473999023438
0.11170291900634766
0.10360288619995117
0.09046554565429688
0.09748601913452148
0.09843325614929199
0.09445786476135254
0.0880897045135498
0.1243431568145752
0.09361910820007324
0.08722424507141113
0.1409595012664795
0.08377575874328613
0.11738371849060059
0.10055065155029297
0.10648751258850098
0.09016108512878418
0.09853386878967285
0.10060858726501465
0.08310222625732422
0.12555456161499023
0.09374856948852539
0.1057133674621582
0.09773898124694824
0.08178019523620605
0.1027228832244873
0.10172748565673828
0.10770678520202637
0.08279705047607422
0.09175682067871094
0.12364006042480469
0.08526158332824707
0.10429859161376953
0.10524725914001465
0.09878778457641602
0.09439325332641602
0.13988828659057617
0.08909940719604492
0.1574077606201172
0.0887596607208252
0.11179041862487793
0.12022733688354492
0.09595251083374023
0.08977890014648438
0.12097001075744629
0.09576892852783203
0.09938859939575195
0.11257743835449219
0.11304640769958496
0.1024467945098877
0.11054587364196777
0.0952296257019043
0.09765625
0.13252758979797363
0.0857703685760498
0.08785390853881836
0.13450217247009277
0.1008141040802002
0.13211822509765625
0.09675264358520508
0.09658169746398926
0.08674192428588867
0.11440110206604004
0.08899641036987305
0.08792471885681152
0.11922740936279297
0.08126688003540039
0.13477587699890137
0.0909888744354248
0.10306739807128906
0.10577869415283203
0.1198430061340332
0.084075927734375
0.09583425521850586
0.11651992797851562
0.08641910552978516
0.12250709533691406
0.10050225257873535
0.09327578544616699
0.09109663963317871
0.11028265953063965
0.10015702247619629
0.08040285110473633
0.12418031692504883
0.09551644325256348
0.09631013870239258
0.09857010841369629
0.08773541450500488
0.1040351390838623
0.10584115982055664
0.12144041061401367
0.0846261978149414
0.10842037200927734
0.10571527481079102
0.07978582382202148
0.10418939590454102
0.09932661056518555
0.09672689437866211
0.0852663516998291
0.11261200904846191
0.09473800659179688
0.08305168151855469
0.12841391563415527
0.0887606143951416
0.09228301048278809
0.09818029403686523
0.11524176597595215
0.09232544898986816
0.14351963996887207
0.09714365005493164
0.08890700340270996
0.1330411434173584
0.08615589141845703
0.10126566886901855
0.10938644409179688
0.09912347793579102
0.09078717231750488
0.1217341423034668
0.10207152366638184
0.08316469192504883
0.1135549545288086
0.09201574325561523
0.09574127197265625
0.08943676948547363
0.11102414131164551
0.10907936096191406
0.09126615524291992
0.14721894264221191
0.0853111743927002
0.10376214981079102
0.10788869857788086
0.09819459915161133
0.09313678741455078
0.1034858226776123
0.10005474090576172
0.08921074867248535
0.10435318946838379
0.10794496536254883
0.08499979972839355
0.15338969230651855
0.0912010669708252
0.10386276245117188
0.10770320892333984
0.10488581657409668
0.09040594100952148
0.13043880462646484
0.1047205924987793
0.09175729751586914
0.11269664764404297
0.0827779769897461
0.09773826599121094
0.11170005798339844
0.1047205924987793
0.08676910400390625
0.10571622848510742
0.10073256492614746
0.08277702331542969
0.12067747116088867
0.09545207023620605
0.08926653861999512
0.10613822937011719
0.0942385196685791
0.11354899406433105
0.08873248100280762
0.1389634609222412
0.08777594566345215
0.1400752067565918
0.0872187614440918
0.09299015998840332
0.10387730598449707
0.0946507453918457
0.10110020637512207
0.09140467643737793
0.10662698745727539
0.0853726863861084
0.08739924430847168
0.12220549583435059
0.09119892120361328
0.10512924194335938
0.10549092292785645
0.08789205551147461
0.10138344764709473
0.11330103874206543
0.10753035545349121
0.08582139015197754
0.12836480140686035
0.08733129501342773
0.09978151321411133
0.10359644889831543
0.09005975723266602
0.10241842269897461
0.10200715065002441
0.10734343528747559
0.09028172492980957
0.10405659675598145
0.10792827606201172
0.08954882621765137
0.10528159141540527
0.09076714515686035
0.10107898712158203
0.08789253234863281
0.1175074577331543
0.10254287719726562
0.08937191963195801
0.11105847358703613
0.08573389053344727
0.09924101829528809
0.10111689567565918
0.08455586433410645
0.10127711296081543
0.10496068000793457
0.09637594223022461
0.08719158172607422
0.10814237594604492
0.11150550842285156
0.0813148021697998
0.10554695129394531
0.09412360191345215
0.09579634666442871
0.0845942497253418
0.11045670509338379
0.09904885292053223
0.08336114883422852
0.12533211708068848
0.08228135108947754
0.08109736442565918
0.1297614574432373
0.08849954605102539
0.09767365455627441
0.09559965133666992
