0.49351978302001953
0.004987239837646484
0.003988504409790039
0.004028797149658203
0.0039882659912109375
0.003989696502685547
0.0019941329956054688
0.003989458084106445
0.0039865970611572266
0.010960102081298828
0.0049860477447509766
0.00508880615234375
0.003987789154052734
0.0039882659912109375
0.004985332489013672
0.004003286361694336
0.003648996353149414
0.003988981246948242
0.0039920806884765625
0.003989458084106445
0.0030362606048583984
0.005983114242553711
0.003989458084106445
0.004150390625
0.003021240234375
0.004987001419067383
0.003041505813598633
0.003992319107055664
0.004986763000488281
0.03202247619628906
0.0019958019256591797
0.0039899349212646484
0.004983663558959961
0.0029921531677246094
0.004986286163330078
0.004984855651855469
0.004983425140380859
0.00399017333984375
0.0020596981048583984
0.003989219665527344
0.03335714340209961
0.004003047943115234
0.0049860477447509766
0.003988981246948242
0.002034902572631836
0.0039899349212646484
0.002056598663330078
0.003990650177001953
0.004007816314697266
0.003988981246948242
0.003990888595581055
0.0020406246185302734
0.004288673400878906
0.003989696502685547
0.004998445510864258
0.004204988479614258
0.0019981861114501953
0.003991603851318359
0.003030061721801758
0.001995086669921875
0.003029346466064453
0.012964725494384766
0.004986763000488281
0.002991914749145508
0.004983425140380859
0.003992557525634766
0.004984855651855469
0.01992321014404297
0.0029914379119873047
0.0039882659912109375
0.003991127014160156
0.0019936561584472656
0.001995563507080078
0.003988981246948242
0.0020821094512939453
0.00399017333984375
0.0019948482513427734
0.00421452522277832
0.0049839019775390625
0.001996755599975586
0.005988121032714844
0.004984617233276367
0.005033016204833984
0.00403285026550293
0.004018306732177734
0.003989696502685547
0.0029926300048828125
0.019950389862060547
0.0049855709075927734
0.0049855709075927734
0.003988742828369141
0.00598597526550293
0.0039882659912109375
0.004979610443115234
0.00399017333984375
0.0039899349212646484
0.004991054534912109
0.004987001419067383
0.00498509407043457
0.0049860477447509766
0.004988670349121094
0.003988981246948242
0.003984928131103516
0.0019948482513427734
0.004987001419067383
0.019087553024291992
0.003988742828369141
0.033414602279663086
0.001996278762817383
0.0049855709075927734
0.011970996856689453
0.0019927024841308594
0.039407968521118164
0.0039882659912109375
0.0040051937103271484
0.003989458084106445
0.004984378814697266
0.005985260009765625
0.001994609832763672
0.004037380218505859
0.004986286163330078
0.004254341125488281
0.0020551681518554688
0.003987550735473633
0.0039920806884765625
0.002992868423461914
0.0060269832611083984
0.005986452102661133
0.004047393798828125
0.0049855709075927734
0.004985332489013672
0.003991603851318359
0.003989696502685547
0.002015829086303711
0.015007734298706055
0.00407862663269043
0.05921292304992676
0.0039865970611572266
0.011107921600341797
0.004038095474243164
0.0039904117584228516
0.003989219665527344
0.002034902572631836
0.002991199493408203
0.0039882659912109375
0.003988504409790039
0.0019960403442382812
0.004338264465332031
0.004569530487060547
0.003990888595581055
0.0029897689819335938
0.004986763000488281
0.0039882659912109375
0.003990650177001953
0.0029926300048828125
0.003988504409790039
0.012018442153930664
0.0049855709075927734
0.001996278762817383
0.001993894577026367
0.004281759262084961
0.0050754547119140625
0.00299072265625
0.004985332489013672
0.003990650177001953
0.00404047966003418
0.004041194915771484
0.00307464599609375
0.003993034362792969
0.003989458084106445
0.0039882659912109375
0.0020465850830078125
0.0019953250885009766
0.0019958019256591797
0.040933847427368164
0.0030672550201416016
0.003069639205932617
0.002065420150756836
0.0029838085174560547
0.003988027572631836
0.003991127014160156
0.003989696502685547
0.004008054733276367
0.003987312316894531
0.0029916763305664062
0.0019927024841308594
0.002058267593383789
0.00398707389831543
0.004326581954956055
0.004372835159301758
0.003987550735473633
0.004988670349121094
0.0030164718627929688
0.003988742828369141
0.008287191390991211
0.00398707389831543
0.0019931793212890625
0.004291534423828125
0.0039865970611572266
0.0019953250885009766
0.004027128219604492
0.004984617233276367
0.003988742828369141
0.0020766258239746094
0.00398707389831543
0.004987001419067383
0.003987550735473633
0.003015756607055664
0.0049707889556884766
0.002992868423461914
0.0049855709075927734
0.0020012855529785156
0.003989458084106445
0.003987550735473633
0.0040073394775390625
0.0029926300048828125
0.003988981246948242
0.024933338165283203
0.004987239837646484
0.0019960403442382812
0.003989458084106445
0.003988504409790039
0.003987550735473633
0.0039904117584228516
0.004987239837646484
0.0019941329956054688
0.0049877166748046875
0.003989219665527344
0.003989219665527344
0.003986835479736328
0.00398707389831543
0.002010345458984375
0.0020346641540527344
0.003991365432739258
0.0019958019256591797
0.02596426010131836
0.00399017333984375
0.00795888900756836
0.004985332489013672
0.002991914749145508
0.0019953250885009766
0.003987789154052734
0.0039882659912109375
0.005003213882446289
0.004201412200927734
0.0019915103912353516
0.0019953250885009766
0.001997709274291992
0.003988027572631836
0.0019953250885009766
0.003987312316894531
0.0030221939086914062
0.003991127014160156
0.0049855709075927734
0.02910017967224121
0.003991842269897461
0.004985332489013672
0.00299072265625
0.0039882659912109375
0.001996755599975586
0.00498509407043457
0.003993034362792969
0.003988742828369141
0.0049762725830078125
0.003987550735473633
0.004044055938720703
0.004986763000488281
0.003990650177001953
0.0019953250885009766
0.004709005355834961
0.003989219665527344
0.004984855651855469
0.0029935836791992188
0.03963971138000488
0.0049898624420166016
0.0029921531677246094
0.0019986629486083984
0.001995563507080078
0.00498652458190918
0.0049839019775390625
0.0039899349212646484
0.003058910369873047
0.004984617233276367
0.00399017333984375
0.0049855709075927734
0.0049860477447509766
0.001995563507080078
0.004036664962768555
0.004984378814697266
0.0040357112884521484
0.0049855709075927734
0.003988981246948242
0.00404047966003418
0.0019948482513427734
0.004985809326171875
0.0019948482513427734
0.003986358642578125
0.0020380020141601562
0.0019953250885009766
