0.4494333267211914 0.109375
0.12294363975524902 0.171875
0.09790396690368652 0.078125
0.09000468254089355 0.078125
0.14725852012634277 0.140625
0.09375143051147461 0.09375
0.11584019660949707 0.109375
0.09681177139282227 0.078125
0.1000666618347168 0.109375
0.08785557746887207 0.1875
0.09003782272338867 0.078125
0.11866307258605957 0.109375
0.09075808525085449 0.09375
0.10874009132385254 0.109375
0.1007537841796875 0.09375
0.09014582633972168 0.09375
0.12165522575378418 0.203125
0.0946037769317627 0.09375
0.08624553680419922 0.09375
0.11440491676330566 0.109375
0.1035299301147461 0.09375
0.10973906517028809 0.125
0.09674215316772461 0.09375
0.09973406791687012 0.09375
0.12115979194641113 0.109375
0.09073781967163086 0.09375
0.11768603324890137 0.125
0.09227395057678223 0.078125
0.10057544708251953 0.078125
0.11317586898803711 0.15625
0.1195223331451416 0.09375
0.10321402549743652 0.109375
0.09302592277526855 0.09375
0.0889430046081543 0.078125
0.1101679801940918 0.203125
0.08876252174377441 0.078125
0.08757972717285156 0.078125
0.1310436725616455 0.125
0.09377169609069824 0.09375
0.1343839168548584 0.109375
0.08835172653198242 0.109375
0.09018588066101074 0.078125
0.1147303581237793 0.09375
0.08817481994628906 0.09375
0.09579205513000488 0.09375
0.09399962425231934 0.09375
0.09339761734008789 0.09375
0.10859036445617676 0.234375
0.08890914916992188 0.078125
0.09472227096557617 0.078125
0.10496735572814941 0.09375
0.09351325035095215 0.171875
0.0982823371887207 0.203125
0.10006093978881836 0.09375
0.1086883544921875 0.171875
0.09842872619628906 0.09375
0.0881352424621582 0.078125
0.09112334251403809 0.09375
0.10400605201721191 0.109375
0.10140800476074219 0.09375
0.1055154800415039 0.140625
0.0920877456665039 0.09375
0.08821463584899902 0.09375
0.11555004119873047 0.09375
0.08924603462219238 0.09375
0.08518743515014648 0.078125
0.10674142837524414 0.203125
0.08960247039794922 0.09375
0.09770369529724121 0.09375
0.10541367530822754 0.125
0.12266278266906738 0.109375
0.10602593421936035 0.109375
0.0877230167388916 0.078125
0.09999299049377441 0.09375
0.09075093269348145 0.09375
0.09010839462280273 0.078125
0.10673856735229492 0.125
0.08898591995239258 0.078125
0.08753323554992676 0.09375
0.10875654220581055 0.109375
0.08890581130981445 0.078125
0.09565949440002441 0.25
0.10205411911010742 0.09375
0.09160828590393066 0.15625
0.10801076889038086 0.109375
0.0905301570892334 0.09375
0.09043550491333008 0.09375
0.1101217269897461 0.09375
0.09869790077209473 0.09375
0.1359879970550537 0.140625
0.09415888786315918 0.09375
0.09207892417907715 0.09375
0.11101412773132324 0.109375
0.0978851318359375 0.09375
0.10793519020080566 0.140625
0.08971333503723145 0.09375
0.09263896942138672 0.09375
0.11962461471557617 0.109375
0.0917198657989502 0.078125
0.09224748611450195 0.078125
0.12366747856140137 0.09375
0.09476590156555176 0.09375
0.09971404075622559 0.09375
0.08911395072937012 0.078125
0.09185552597045898 0.078125
0.10609602928161621 0.09375
0.09031915664672852 0.203125
0.09781908988952637 0.125
0.09491324424743652 0.09375
0.09333610534667969 0.09375
0.10675692558288574 0.09375
0.0905907154083252 0.078125
0.0902564525604248 0.09375
0.10787820816040039 0.109375
0.09466147422790527 0.09375
0.09786677360534668 0.09375
0.09967327117919922 0.09375
0.09390592575073242 0.09375
0.10424375534057617 0.09375
0.0906987190246582 0.078125
0.08881974220275879 0.09375
0.11757898330688477 0.125
0.09319519996643066 0.078125
0.10493612289428711 0.09375
0.09190130233764648 0.09375
0.1049349308013916 0.140625
0.10086417198181152 0.09375
0.08921170234680176 0.171875
0.08790016174316406 0.109375
0.11284852027893066 0.09375
0.08805394172668457 0.1875
0.09570598602294922 0.09375
0.0971677303314209 0.09375
0.09067940711975098 0.09375
0.10509204864501953 0.125
0.09270191192626953 0.09375
0.10366964340209961 0.09375
0.10458254814147949 0.09375
0.09025812149047852 0.09375
0.0933840274810791 0.09375
0.10492229461669922 0.109375
0.08457446098327637 0.078125
0.10161352157592773 0.109375
0.09328246116638184 0.09375
0.08605575561523438 0.078125
0.12086009979248047 0.125
0.08646130561828613 0.203125
0.09940052032470703 0.09375
0.11125874519348145 0.109375
0.09183907508850098 0.1875
0.10314202308654785 0.109375
0.11069679260253906 0.09375
0.10821795463562012 0.109375
0.1050875186920166 0.109375
0.08791613578796387 0.078125
0.10672998428344727 0.109375
0.09009075164794922 0.203125
0.0961771011352539 0.09375
0.10281109809875488 0.15625
0.1033773422241211 0.09375
0.10860633850097656 0.09375
0.0893700122833252 0.078125
0.08710932731628418 0.09375
0.11690187454223633 0.109375
0.09153580665588379 0.078125
0.08961749076843262 0.171875
0.10497689247131348 0.109375
0.09295010566711426 0.09375
0.1021571159362793 0.125
0.10025787353515625 0.078125
0.09523749351501465 0.09375
0.10592842102050781 0.109375
0.09437894821166992 0.09375
0.12375235557556152 0.125
0.10642051696777344 0.109375
0.09159564971923828 0.171875
0.10390686988830566 0.09375
0.08836793899536133 0.078125
0.09460687637329102 0.078125
0.10453939437866211 0.109375
0.09359955787658691 0.09375
0.10952138900756836 0.125
0.10304522514343262 0.109375
0.08707642555236816 0.078125
0.11434173583984375 0.296875
0.10046529769897461 0.078125
0.10560488700866699 0.109375
0.08949613571166992 0.1875
0.08837699890136719 0.09375
0.10915470123291016 0.09375
0.09073829650878906 0.078125
0.09128403663635254 0.09375
0.10424017906188965 0.109375
0.09154915809631348 0.09375
0.103271484375 0.09375
0.09632372856140137 0.15625
0.08759856224060059 0.078125
0.10977864265441895 0.109375
0.10493946075439453 0.21875
0.11450815200805664 0.109375
0.10822129249572754 0.078125
0.09131240844726562 0.09375
0.10376787185668945 0.109375
0.08879780769348145 0.078125
0.08773660659790039 0.09375
0.11968088150024414 0.125
0.09175419807434082 0.09375
0.10372233390808105 0.09375
0.09376239776611328 0.09375
0.08874869346618652 0.078125
0.10372257232666016 0.21875
0.10057425498962402 0.078125
0.10171985626220703 0.1875
0.10184431076049805 0.09375
0.09042096138000488 0.078125
0.10326552391052246 0.109375
0.09067797660827637 0.09375
0.08966469764709473 0.078125
0.10743165016174316 0.09375
0.08981752395629883 0.078125
0.09099912643432617 0.09375
0.10502123832702637 0.109375
0.08774328231811523 0.140625
0.09789276123046875 0.09375
0.09203958511352539 0.09375
0.08658790588378906 0.078125
0.10273241996765137 0.09375
0.0945272445678711 0.09375
0.09121108055114746 0.09375
0.11483597755432129 0.125
0.09142613410949707 0.078125
0.09385180473327637 0.203125
0.11033344268798828 0.09375
0.08859634399414062 0.078125
0.10551786422729492 0.109375
0.0944211483001709 0.09375
0.09147310256958008 0.09375
0.10277152061462402 0.09375
0.09180569648742676 0.078125
0.10448551177978516 0.09375
0.11205220222473145 0.109375
0.08996748924255371 0.078125
0.11547231674194336 0.109375
0.10869121551513672 0.109375
0.08666753768920898 0.078125
0.11179590225219727 0.109375
0.10470104217529297 0.09375
0.1062459945678711 0.109375
0.08624601364135742 0.078125
0.09127688407897949 0.078125
0.09928774833679199 0.09375
0.08615565299987793 0.078125
0.09197378158569336 0.078125
0.10372066497802734 0.140625
0.08876490592956543 0.1875
0.10072851181030273 0.09375
0.09673929214477539 0.09375
0.08577370643615723 0.078125
0.10689187049865723 0.09375
0.08676958084106445 0.078125
0.08604121208190918 0.078125
0.10372352600097656 0.203125
0.0883326530456543 0.078125
0.08960676193237305 0.09375
0.11063671112060547 0.09375
0.1069478988647461 0.09375
0.12275218963623047 0.109375
0.0913543701171875 0.09375
0.09419369697570801 0.09375
0.10929036140441895 0.09375
0.09096312522888184 0.09375
0.10726070404052734 0.109375
0.0913248062133789 0.078125
0.10423612594604492 0.09375
0.10944318771362305 0.109375
0.09062838554382324 0.09375
0.09440326690673828 0.109375
0.10030031204223633 0.203125
0.09736013412475586 0.078125
0.10758399963378906 0.09375
0.0933995246887207 0.09375
0.09180927276611328 0.203125
0.10667133331298828 0.09375
0.09561657905578613 0.109375
0.10358643531799316 0.09375
0.09787607192993164 0.09375
0.08637619018554688 0.078125
0.10871171951293945 0.09375
0.1006019115447998 0.09375
0.08844590187072754 0.078125
0.10686063766479492 0.09375
0.08936166763305664 0.078125
0.09828710556030273 0.09375
0.0990910530090332 0.09375
0.08858776092529297 0.078125
0.12072467803955078 0.109375
0.10906624794006348 0.21875
0.09622526168823242 0.203125
0.09676861763000488 0.1875
0.08776712417602539 0.078125
0.11137914657592773 0.09375
0.10596132278442383 0.09375
0.0934913158416748 0.09375
0.10055732727050781 0.09375
0.09492015838623047 0.09375
0.11468863487243652 0.109375
0.0857691764831543 0.078125
0.10273003578186035 0.21875
0.10628318786621094 0.09375
0.097320556640625 0.203125
0.09545421600341797 0.09375
0.09441566467285156 0.09375
0.09632635116577148 0.09375
0.11236310005187988 0.09375
0.09099149703979492 0.078125
0.09420228004455566 0.09375
0.12785983085632324 0.234375
0.0935051441192627 0.078125
0.10090255737304688 0.09375
0.10635113716125488 0.1875
0.0880126953125 0.078125
0.09921956062316895 0.09375
0.09666824340820312 0.21875
0.10301375389099121 0.1875
0.11184191703796387 0.09375
0.08694171905517578 0.09375
0.1049191951751709 0.09375
0.09352827072143555 0.078125
0.09592366218566895 0.203125
0.11581563949584961 0.125
0.0907430648803711 0.09375
0.10580778121948242 0.109375
0.10133552551269531 0.1875
0.09358572959899902 0.203125
0.1009218692779541 0.09375
0.10076594352722168 0.09375
0.10376429557800293 0.109375
0.10117077827453613 0.140625
0.10271596908569336 0.09375
0.10571861267089844 0.09375
0.08874320983886719 0.09375
0.09326481819152832 0.09375
0.10708427429199219 0.203125
0.08722305297851562 0.078125
0.10501861572265625 0.203125
0.09126067161560059 0.09375
0.09164905548095703 0.09375
0.10654020309448242 0.109375
0.09757542610168457 0.09375
0.09753775596618652 0.09375
0.10683703422546387 0.109375
0.1071934700012207 0.1875
0.10120797157287598 0.09375
0.09002208709716797 0.078125
0.09016942977905273 0.09375
0.10496139526367188 0.109375
0.08999872207641602 0.09375
0.09825825691223145 0.09375
0.1022176742553711 0.09375
0.09261059761047363 0.078125
0.10412192344665527 0.09375
0.09020781517028809 0.09375
0.08810091018676758 0.09375
0.10503625869750977 0.09375
0.0915219783782959 0.078125
0.09556889533996582 0.078125
0.10728645324707031 0.09375
0.08815860748291016 0.09375
0.10390710830688477 0.15625
0.08776402473449707 0.078125
0.09321737289428711 0.078125
0.11133623123168945 0.140625
0.08979463577270508 0.09375
0.10985207557678223 0.21875
0.09836697578430176 0.09375
0.0889902114868164 0.078125
0.10837125778198242 0.09375
0.09745359420776367 0.078125
0.1056067943572998 0.09375
0.10462284088134766 0.09375
0.09063220024108887 0.15625
0.09795379638671875 0.09375
0.0945281982421875 0.078125
0.0908195972442627 0.078125
0.11265277862548828 0.109375
0.09035253524780273 0.078125
0.08603787422180176 0.09375
0.09977459907531738 0.09375
0.09333181381225586 0.078125
0.09492874145507812 0.140625
0.10251784324645996 0.09375
0.10452127456665039 0.109375
0.11633419990539551 0.109375
0.0884096622467041 0.09375
0.11002922058105469 0.109375
0.10181617736816406 0.109375
0.0889577865600586 0.078125
0.1077890396118164 0.09375
0.08988833427429199 0.1875
0.09058332443237305 0.09375
0.10453248023986816 0.109375
0.0917971134185791 0.078125
0.09289312362670898 0.078125
0.10675287246704102 0.125
0.08922100067138672 0.078125
0.11156129837036133 0.109375
0.08594965934753418 0.09375
0.09069395065307617 0.171875
0.10272216796875 0.09375
0.08901858329772949 0.09375
0.09358978271484375 0.09375
0.10198855400085449 0.09375
0.09127616882324219 0.078125
0.11428451538085938 0.109375
0.09257769584655762 0.09375
0.09073948860168457 0.203125
0.10533666610717773 0.09375
0.09165406227111816 0.078125
0.09197235107421875 0.203125
0.10348248481750488 0.109375
0.09025359153747559 0.09375
0.08787322044372559 0.078125
0.10548734664916992 0.109375
0.09002351760864258 0.09375
0.10467863082885742 0.109375
0.08860468864440918 0.078125
0.10320305824279785 0.09375
0.10342645645141602 0.171875
0.08706855773925781 0.078125
0.09112143516540527 0.09375
0.10584759712219238 0.109375
0.09166216850280762 0.09375
0.10354208946228027 0.09375
0.09607768058776855 0.09375
0.12008953094482422 0.109375
0.11160731315612793 0.21875
0.09090185165405273 0.078125
0.1057591438293457 0.09375
0.08676600456237793 0.09375
0.09684920310974121 0.203125
0.11568379402160645 0.109375
0.09574460983276367 0.125
0.09275960922241211 0.09375
0.10407805442810059 0.09375
0.08817791938781738 0.09375
0.10595703125 0.109375
0.09316110610961914 0.09375
0.10185456275939941 0.09375
0.10682892799377441 0.09375
0.09165573120117188 0.109375
0.09521293640136719 0.109375
0.1041562557220459 0.203125
0.08359861373901367 0.078125
0.10483050346374512 0.09375
0.08858299255371094 0.09375
0.09591174125671387 0.09375
0.11864566802978516 0.125
0.08978486061096191 0.078125
0.08887529373168945 0.078125
0.11539769172668457 0.1875
0.09477472305297852 0.078125
0.11644601821899414 0.109375
0.09744143486022949 0.09375
0.10172080993652344 0.09375
0.10379934310913086 0.1875
0.08675909042358398 0.078125
0.09986758232116699 0.109375
0.09209918975830078 0.109375
0.09638309478759766 0.078125
0.11400032043457031 0.109375
0.10343337059020996 0.21875
0.09195351600646973 0.09375
0.10191822052001953 0.09375
0.08500385284423828 0.078125
0.11711764335632324 0.09375
0.09562468528747559 0.078125
0.08846116065979004 0.078125
0.11068201065063477 0.125
0.1069791316986084 0.09375
0.10227799415588379 0.203125
0.09717965126037598 0.171875
0.09233784675598145 0.078125
0.10862612724304199 0.109375
0.09049463272094727 0.203125
0.08887767791748047 0.078125
0.10482263565063477 0.09375
0.09108805656433105 0.09375
0.10547924041748047 0.109375
0.1038818359375 0.09375
0.09329867362976074 0.078125
0.1030728816986084 0.09375
0.08645081520080566 0.203125
0.08754682540893555 0.078125
0.10287046432495117 0.140625
0.09096646308898926 0.09375
0.10322332382202148 0.09375
0.10306191444396973 0.09375
0.09905433654785156 0.15625
0.10388755798339844 0.09375
0.08959197998046875 0.1875
0.09052348136901855 0.09375
0.10614371299743652 0.109375
0.09074616432189941 0.09375
0.10234451293945312 0.109375
0.09633994102478027 0.09375
0.10758185386657715 0.09375
0.11668109893798828 0.109375
0.09172368049621582 0.09375
0.09573864936828613 0.09375
0.09690308570861816 0.09375
0.08910059928894043 0.09375
0.11662459373474121 0.203125
0.08847379684448242 0.078125
0.08856821060180664 0.09375
0.10857963562011719 0.109375
0.09346151351928711 0.09375
0.10470724105834961 0.09375
0.10010623931884766 0.09375
0.09316349029541016 0.09375
0.10430192947387695 0.109375
0.0855250358581543 0.078125
0.09017372131347656 0.09375
0.10126399993896484 0.09375
0.08932304382324219 0.109375
0.09106969833374023 0.109375
0.10938310623168945 0.203125
0.08718371391296387 0.09375
0.10273623466491699 0.09375
0.09106111526489258 0.078125
0.08769106864929199 0.15625
0.10872459411621094 0.09375
0.1084442138671875 0.125
0.10770773887634277 0.109375
0.08975672721862793 0.171875
0.09102487564086914 0.09375
0.10865092277526855 0.09375
0.09327125549316406 0.078125
0.08969545364379883 0.078125
0.11480903625488281 0.203125
0.09345269203186035 0.09375
0.13101840019226074 0.109375
0.10574698448181152 0.203125
0.08870577812194824 0.09375
0.10856413841247559 0.1875
0.09555554389953613 0.09375
0.10077738761901855 0.09375
0.09393000602722168 0.140625
0.08922815322875977 0.09375
0.09943342208862305 0.09375
0.0921792984008789 0.078125
0.08831191062927246 0.078125
0.10726356506347656 0.109375
0.1124413013458252 0.203125
0.10802626609802246 0.09375
0.08888101577758789 0.078125
0.09137392044067383 0.078125
0.10570311546325684 0.203125
0.08557677268981934 0.078125
0.09543204307556152 0.09375
0.12614989280700684 0.109375
0.1063687801361084 0.09375
0.11406421661376953 0.09375
0.09034538269042969 0.078125
0.09225153923034668 0.078125
0.1011958122253418 0.09375
0.0907754898071289 0.09375
0.1028437614440918 0.09375
0.09773921966552734 0.1875
0.0870053768157959 0.078125
0.10778069496154785 0.09375
0.09346818923950195 0.171875
0.09118771553039551 0.1875
0.1226663589477539 0.109375
0.08743429183959961 0.078125
0.15785717964172363 0.234375
0.10073018074035645 0.09375
0.10282063484191895 0.109375
0.09558701515197754 0.109375
0.08814072608947754 0.078125
0.11543965339660645 0.109375
0.10571074485778809 0.109375
0.10121464729309082 0.09375
0.09907722473144531 0.09375
0.08451175689697266 0.078125
0.10140442848205566 0.09375
0.09737277030944824 0.09375
0.08875513076782227 0.1875
0.10799074172973633 0.109375
0.08780932426452637 0.078125
0.09708046913146973 0.078125
0.09415578842163086 0.09375
0.09374380111694336 0.203125
0.10608148574829102 0.09375
0.08848977088928223 0.078125
0.0976407527923584 0.09375
0.1095893383026123 0.09375
0.08518075942993164 0.078125
0.09552288055419922 0.109375
0.09496879577636719 0.09375
0.09421324729919434 0.078125
0.13794827461242676 0.109375
0.1057586669921875 0.09375
0.1000211238861084 0.109375
0.11524820327758789 0.09375
0.09909391403198242 0.09375
0.10320258140563965 0.09375
0.08867526054382324 0.078125
0.0990302562713623 0.09375
0.09026479721069336 0.140625
0.08993291854858398 0.09375
0.10604500770568848 0.09375
0.09056425094604492 0.078125
0.09387493133544922 0.078125
0.10694336891174316 0.09375
0.09028124809265137 0.078125
0.09356236457824707 0.09375
0.10309052467346191 0.109375
0.08838820457458496 0.078125
0.0986330509185791 0.09375
0.09345078468322754 0.09375
0.09054923057556152 0.09375
0.11521196365356445 0.109375
0.08676815032958984 0.09375
0.10671877861022949 0.109375
0.11069989204406738 0.125
0.08576488494873047 0.078125
0.10272741317749023 0.21875
0.09076666831970215 0.1875
0.08974862098693848 0.078125
0.10056352615356445 0.09375
0.0899813175201416 0.09375
0.0920114517211914 0.078125
0.10631465911865234 0.09375
0.09214901924133301 0.078125
0.10260272026062012 0.09375
0.09440755844116211 0.09375
0.0953826904296875 0.203125
0.11120367050170898 0.09375
0.08761954307556152 0.078125
0.08629465103149414 0.09375
0.10632205009460449 0.203125
0.08965349197387695 0.078125
0.1273484230041504 0.125
0.09741806983947754 0.09375
0.09208798408508301 0.09375
0.10678839683532715 0.109375
0.0907742977142334 0.09375
0.09633922576904297 0.09375
0.10909652709960938 0.09375
0.09204649925231934 0.078125
0.10365462303161621 0.09375
0.09304571151733398 0.109375
0.09569716453552246 0.09375
0.12216377258300781 0.109375
0.09058117866516113 0.078125
0.10063552856445312 0.109375
0.09294652938842773 0.09375
0.0888519287109375 0.078125
0.10972118377685547 0.109375
0.08847737312316895 0.078125
0.08846521377563477 0.09375
0.10487580299377441 0.203125
0.08576059341430664 0.078125
0.1047208309173584 0.15625
0.10048079490661621 0.09375
0.0914449691772461 0.078125
0.10558223724365234 0.09375
0.10317683219909668 0.09375
0.08522415161132812 0.078125
0.11291074752807617 0.109375
0.08996057510375977 0.078125
0.09453487396240234 0.09375
0.09381556510925293 0.078125
0.08787322044372559 0.0625
0.11375308036804199 0.109375
0.08546710014343262 0.078125
0.09004092216491699 0.203125
0.10402345657348633 0.09375
0.08691072463989258 0.078125
0.09637594223022461 0.09375
0.1100611686706543 0.109375
0.08410143852233887 0.1875
0.10037708282470703 0.09375
0.10021662712097168 0.09375
0.10315871238708496 0.09375
0.10996055603027344 0.09375
0.0893855094909668 0.078125
0.10449886322021484 0.21875
0.08776521682739258 0.09375
0.09119105339050293 0.078125
0.10828685760498047 0.09375
0.08981037139892578 0.078125
0.09522414207458496 0.140625
0.10671353340148926 0.21875
0.08731412887573242 0.09375
0.09546613693237305 0.09375
0.10471725463867188 0.21875
0.0857691764831543 0.078125
0.11798572540283203 0.140625
0.10686945915222168 0.09375
0.08947992324829102 0.078125
0.10687589645385742 0.09375
0.08530068397521973 0.09375
0.1011817455291748 0.09375
0.10842633247375488 0.078125
0.0960838794708252 0.09375
0.10864400863647461 0.09375
0.10591769218444824 0.09375
0.10380744934082031 0.109375
0.10163164138793945 0.09375
0.10649704933166504 0.109375
0.10805177688598633 0.09375
0.08871030807495117 0.078125
0.08641982078552246 0.109375
0.1051478385925293 0.09375
0.09011483192443848 0.078125
0.09579658508300781 0.09375
0.09511423110961914 0.140625
0.09212398529052734 0.078125
0.11910653114318848 0.109375
0.08708763122558594 0.09375
0.09309792518615723 0.09375
0.10172653198242188 0.09375
0.1034400463104248 0.078125
0.09674239158630371 0.09375
0.10575222969055176 0.15625
0.0867462158203125 0.09375
0.10109829902648926 0.09375
0.10169291496276855 0.09375
0.0873720645904541 0.078125
0.11369919776916504 0.15625
0.09377455711364746 0.09375
0.10574817657470703 0.09375
0.09012484550476074 0.078125
0.10222578048706055 0.09375
0.10613012313842773 0.109375
0.0874943733215332 0.078125
0.09081149101257324 0.09375
0.10744667053222656 0.109375
0.09205842018127441 0.109375
0.10709428787231445 0.109375
0.09068441390991211 0.09375
0.08993721008300781 0.078125
0.10507750511169434 0.09375
0.09600830078125 0.078125
0.1087038516998291 0.09375
0.09969592094421387 0.109375
0.10470366477966309 0.21875
0.11088800430297852 0.09375
0.08549308776855469 0.078125
0.08682608604431152 0.203125
0.11454892158508301 0.21875
0.08951759338378906 0.1875
0.0993051528930664 0.09375
0.10180449485778809 0.078125
0.09632706642150879 0.09375
0.11977672576904297 0.234375
0.08689451217651367 0.078125
0.08922886848449707 0.078125
0.10635757446289062 0.125
0.08896398544311523 0.203125
0.10399413108825684 0.09375
0.09730792045593262 0.078125
0.08715558052062988 0.078125
0.10679507255554199 0.109375
0.09055590629577637 0.09375
0.094268798828125 0.09375
0.11623883247375488 0.109375
0.08791613578796387 0.078125
0.1039273738861084 0.109375
0.09176158905029297 0.1875
0.08876323699951172 0.078125
0.10372161865234375 0.09375
0.09374880790710449 0.09375
0.0857694149017334 0.09375
0.11170125007629395 0.109375
0.0907595157623291 0.078125
0.09773707389831543 0.09375
0.09318900108337402 0.09375
0.08925890922546387 0.078125
0.10348725318908691 0.09375
0.0877525806427002 0.09375
0.09477400779724121 0.078125
0.10941004753112793 0.109375
0.09574699401855469 0.09375
0.09183979034423828 0.09375
0.10315370559692383 0.140625
0.10154867172241211 0.09375
0.127396821975708 0.109375
0.09109926223754883 0.078125
0.09642434120178223 0.09375
0.09882378578186035 0.09375
0.08480477333068848 0.078125
0.0987386703491211 0.109375
0.09811019897460938 0.09375
0.09386944770812988 0.09375
0.11069655418395996 0.109375
0.08935856819152832 0.09375
0.08951592445373535 0.09375
0.11079788208007812 0.09375
0.08959174156188965 0.09375
0.09315896034240723 0.09375
0.09888100624084473 0.078125
0.08784747123718262 0.203125
0.10678529739379883 0.09375
0.0935068130493164 0.09375
0.08904314041137695 0.078125
0.10642361640930176 0.09375
0.08591508865356445 0.09375
0.09871864318847656 0.09375
0.10237622261047363 0.109375
0.10523033142089844 0.09375
0.09802985191345215 0.09375
0.09439611434936523 0.09375
0.08952975273132324 0.09375
0.10318470001220703 0.09375
0.09420061111450195 0.078125
0.09007453918457031 0.078125
0.1080477237701416 0.15625
0.0888826847076416 0.09375
0.10408735275268555 0.09375
0.09424352645874023 0.109375
0.08886265754699707 0.078125
0.10679411888122559 0.09375
0.09143328666687012 0.09375
0.10121369361877441 0.09375
0.10671019554138184 0.09375
0.08876156806945801 0.078125
0.10499048233032227 0.109375
0.09779167175292969 0.109375
0.10272359848022461 0.203125
0.10571789741516113 0.21875
0.10020661354064941 0.09375
0.09473609924316406 0.09375
0.0934150218963623 0.09375
0.09688115119934082 0.078125
0.10787630081176758 0.09375
0.09468412399291992 0.09375
0.09063982963562012 0.078125
0.10183310508728027 0.09375
0.09036040306091309 0.09375
0.10625839233398438 0.109375
0.09322118759155273 0.203125
0.1012120246887207 0.078125
0.12046599388122559 0.125
0.09823226928710938 0.09375
0.09711027145385742 0.078125
0.09931659698486328 0.109375
0.09486508369445801 0.09375
0.10539507865905762 0.109375
0.09353041648864746 0.09375
0.09816265106201172 0.09375
0.11827754974365234 0.234375
0.09143972396850586 0.1875
0.10930657386779785 0.109375
0.10493898391723633 0.09375
0.10575628280639648 0.078125
0.10999751091003418 0.09375
0.09055376052856445 0.078125
0.10091996192932129 0.109375
0.08992266654968262 0.09375
0.0893256664276123 0.109375
0.10472249984741211 0.09375
0.08687782287597656 0.203125
0.09231042861938477 0.078125
0.10815763473510742 0.109375
0.08829617500305176 0.078125
0.0951528549194336 0.109375
0.10564804077148438 0.09375
0.0913689136505127 0.09375
0.10578107833862305 0.109375
0.0912320613861084 0.09375
0.09400105476379395 0.09375
0.10506606101989746 0.09375
0.08950042724609375 0.078125
0.09137153625488281 0.09375
0.10501813888549805 0.09375
0.0915842056274414 0.09375
0.1026160717010498 0.109375
0.0935368537902832 0.203125
0.08967137336730957 0.078125
0.11995363235473633 0.125
0.09037041664123535 0.09375
0.09149694442749023 0.09375
0.10034036636352539 0.09375
0.09012746810913086 0.203125
0.0990147590637207 0.09375
0.0944821834564209 0.078125
0.08671188354492188 0.078125
0.10361218452453613 0.109375
0.09970974922180176 0.09375
0.08946728706359863 0.1875
0.10699844360351562 0.109375
0.09804987907409668 0.09375
0.10457110404968262 0.109375
0.09186577796936035 0.09375
0.09994673728942871 0.09375
0.1100623607635498 0.109375
0.10309171676635742 0.1875
0.10480213165283203 0.15625
0.13563942909240723 0.140625
0.09774589538574219 0.203125
0.12273430824279785 0.109375
0.09468388557434082 0.171875
0.10627555847167969 0.09375
0.08626365661621094 0.078125
0.09954571723937988 0.1875
0.10059404373168945 0.09375
0.08788180351257324 0.078125
0.08750057220458984 0.09375
0.10735011100769043 0.109375
0.09334993362426758 0.09375
0.10662412643432617 0.109375
0.10925745964050293 0.109375
0.10389471054077148 0.125
0.11229085922241211 0.109375
0.09163808822631836 0.09375
0.1080172061920166 0.109375
0.10451436042785645 0.078125
0.08814096450805664 0.1875
0.11733269691467285 0.125
0.10788416862487793 0.09375
0.11289739608764648 0.109375
0.08862519264221191 0.078125
0.09108328819274902 0.078125
0.11046433448791504 0.09375
0.08793520927429199 0.078125
0.10291457176208496 0.15625
0.09527969360351562 0.078125
0.08904433250427246 0.1875
0.10182356834411621 0.09375
0.08961296081542969 0.09375
0.09333324432373047 0.09375
0.12625646591186523 0.15625
0.09325385093688965 0.09375
0.1011207103729248 0.171875
0.09460592269897461 0.09375
0.08940529823303223 0.078125
0.10696268081665039 0.09375
0.10042691230773926 0.1875
0.1031198501586914 0.09375
0.11105537414550781 0.109375
0.09140443801879883 0.078125
0.10583782196044922 0.09375
0.09109020233154297 0.125
0.09620094299316406 0.09375
0.10429024696350098 0.09375
0.0874474048614502 0.09375
0.09548640251159668 0.09375
0.09322881698608398 0.09375
0.10245108604431152 0.09375
0.0991053581237793 0.09375
0.08759498596191406 0.078125
0.1015012264251709 0.078125
0.12010645866394043 0.125
0.08681201934814453 0.078125
0.1060633659362793 0.09375
0.08780312538146973 0.09375
0.0871727466583252 0.078125
0.11730313301086426 0.109375
0.11909675598144531 0.21875
0.11134791374206543 0.109375
0.08594727516174316 0.09375
0.08851432800292969 0.078125
0.11135721206665039 0.171875
0.10911846160888672 0.09375
0.0985574722290039 0.109375
0.0958857536315918 0.09375
0.08901190757751465 0.203125
0.10239839553833008 0.09375
0.09016799926757812 0.09375
0.08830642700195312 0.09375
0.10268735885620117 0.09375
0.0922386646270752 0.078125
0.0989067554473877 0.125
0.10981035232543945 0.109375
0.08768343925476074 0.078125
0.10492229461669922 0.09375
0.09465956687927246 0.09375
0.08861398696899414 0.078125
0.10199832916259766 0.25
0.08910346031188965 0.078125
0.09451675415039062 0.078125
0.10267758369445801 0.09375
0.08915424346923828 0.09375
0.10737013816833496 0.109375
0.10441398620605469 0.09375
0.09349894523620605 0.078125
0.10384202003479004 0.09375
0.11368632316589355 0.109375
0.11054730415344238 0.109375
0.09224152565002441 0.1875
0.08908271789550781 0.078125
0.10460042953491211 0.09375
0.08966422080993652 0.09375
0.10231995582580566 0.09375
0.10892152786254883 0.09375
0.08550763130187988 0.078125
0.10503029823303223 0.109375
0.09189724922180176 0.09375
0.09087634086608887 0.109375
0.10514497756958008 0.09375
0.09739065170288086 0.078125
0.11213517189025879 0.109375
0.0950927734375 0.09375
0.09279680252075195 0.09375
0.10153627395629883 0.09375
0.10007143020629883 0.171875
0.0908498764038086 0.09375
0.10072684288024902 0.09375
0.08881425857543945 0.203125
0.08776688575744629 0.140625
0.11794590950012207 0.09375
0.09228086471557617 0.09375
0.0994410514831543 0.109375
0.08730840682983398 0.078125
0.0889589786529541 0.09375
0.12880825996398926 0.125
0.08975839614868164 0.09375
0.09372472763061523 0.09375
0.09474802017211914 0.09375
0.08876228332519531 0.09375
0.10375571250915527 0.09375
0.08776378631591797 0.078125
0.08477258682250977 0.09375
0.10327029228210449 0.09375
0.08805322647094727 0.078125
0.09051346778869629 0.09375
0.11518549919128418 0.125
0.09139013290405273 0.203125
0.0966331958770752 0.09375
0.09585142135620117 0.078125
0.09171652793884277 0.078125
0.10487627983093262 0.09375
0.09161138534545898 0.09375
0.10475015640258789 0.125
0.11005091667175293 0.09375
0.09090495109558105 0.078125
0.11761331558227539 0.109375
0.0886387825012207 0.09375
0.092529296875 0.09375
0.10680794715881348 0.203125
0.08995938301086426 0.078125
0.08947372436523438 0.078125
0.1113741397857666 0.15625
0.09223294258117676 0.078125
0.11828422546386719 0.125
0.09305691719055176 0.09375
0.08844113349914551 0.078125
0.11284899711608887 0.21875
0.0909111499786377 0.09375
0.10945558547973633 0.109375
0.09097743034362793 0.078125
0.0875394344329834 0.078125
0.10819530487060547 0.109375
0.0864863395690918 0.078125
0.08871889114379883 0.078125
0.10582780838012695 0.09375
0.09088635444641113 0.09375
0.10127568244934082 0.09375
0.10119342803955078 0.09375
0.09103679656982422 0.09375
0.1031498908996582 0.09375
0.0902719497680664 0.078125
0.10187196731567383 0.09375
0.10787081718444824 0.109375
0.10236978530883789 0.09375
0.10142397880554199 0.09375
0.08878087997436523 0.21875
0.0897974967956543 0.078125
0.10140395164489746 0.09375
0.09501910209655762 0.09375
0.09647607803344727 0.078125
0.10231375694274902 0.109375
0.0919194221496582 0.09375
0.08994913101196289 0.078125
0.10256290435791016 0.09375
0.09170365333557129 0.09375
0.1058650016784668 0.15625
0.08606600761413574 0.078125
0.09487199783325195 0.203125
0.10451292991638184 0.09375
0.0965127944946289 0.09375
0.09292364120483398 0.078125
0.10556221008300781 0.09375
0.08962368965148926 0.09375
0.10043597221374512 0.09375
0.10294604301452637 0.078125
0.08819913864135742 0.203125
0.11075758934020996 0.09375
0.0868368148803711 0.078125
0.08645343780517578 0.078125
0.10470294952392578 0.203125
0.09312224388122559 0.09375
0.11406922340393066 0.109375
0.0925910472869873 0.09375
0.09066033363342285 0.09375
0.10583710670471191 0.109375
0.09145188331604004 0.09375
0.09065437316894531 0.078125
0.10967803001403809 0.09375
0.09529232978820801 0.078125
0.10267162322998047 0.140625
0.09424257278442383 0.09375
0.09094548225402832 0.09375
0.10341262817382812 0.15625
0.09145331382751465 0.09375
0.08811712265014648 0.078125
0.10134410858154297 0.109375
0.09271764755249023 0.203125
0.09312748908996582 0.09375
0.09802412986755371 0.09375
0.08531880378723145 0.078125
0.10638856887817383 0.09375
0.08818554878234863 0.09375
0.08801126480102539 0.09375
0.10856437683105469 0.109375
0.08776664733886719 0.078125
0.09005284309387207 0.09375
0.10435867309570312 0.21875
0.0900583267211914 0.078125
0.09176969528198242 0.078125
0.09983420372009277 0.09375
0.09424757957458496 0.09375
0.12421965599060059 0.125
0.09258413314819336 0.09375
0.09186530113220215 0.203125
0.1073904037475586 0.171875
0.0897066593170166 0.078125
0.10109806060791016 0.09375
0.1087496280670166 0.09375
0.09091496467590332 0.078125
0.1072998046875 0.09375
0.0938260555267334 0.09375
0.08899569511413574 0.078125
0.10745692253112793 0.09375
0.09510111808776855 0.1875
0.11529850959777832 0.125
0.08534646034240723 0.078125
0.08976268768310547 0.078125
0.10072875022888184 0.09375
0.10207605361938477 0.078125
0.09413528442382812 0.09375
0.11628413200378418 0.1875
0.11359143257141113 0.09375
0.1076192855834961 0.109375
0.09167313575744629 0.09375
0.08915901184082031 0.078125
0.10457468032836914 0.09375
0.09142136573791504 0.09375
0.10268163681030273 0.171875
0.09388422966003418 0.203125
0.10119438171386719 0.078125
0.09792828559875488 0.09375
0.08762288093566895 0.078125
0.10290884971618652 0.21875
0.10782504081726074 0.109375
0.09614729881286621 0.09375
0.11764764785766602 0.125
0.09143948554992676 0.078125
0.08717703819274902 0.078125
0.10593843460083008 0.109375
0.09185457229614258 0.09375
0.09374642372131348 0.09375
0.11156058311462402 0.109375
0.09169507026672363 0.09375
0.11880064010620117 0.109375
0.09044408798217773 0.078125
0.08780932426452637 0.15625
0.11199784278869629 0.109375
0.08905315399169922 0.203125
0.10194873809814453 0.109375
0.10280203819274902 0.09375
0.0919039249420166 0.09375
0.10525131225585938 0.109375
0.08729219436645508 0.078125
0.08636236190795898 0.078125
0.09927058219909668 0.09375
0.08936095237731934 0.078125
0.08931779861450195 0.09375
0.10734105110168457 0.109375
0.0875861644744873 0.078125
0.10856890678405762 0.09375
0.09960246086120605 0.09375
0.08578014373779297 0.078125
0.12249088287353516 0.109375
0.08742308616638184 0.078125
0.10138821601867676 0.09375
0.09386897087097168 0.078125
0.09012007713317871 0.078125
0.10484480857849121 0.109375
0.10312342643737793 0.21875
0.08749246597290039 0.078125
0.1076204776763916 0.09375
0.087493896484375 0.078125
0.09867501258850098 0.09375
0.09662055969238281 0.203125
0.09029507637023926 0.078125
0.09985876083374023 0.09375
0.08645915985107422 0.078125
0.08965253829956055 0.078125
0.11268806457519531 0.109375
0.08655571937561035 0.078125
0.08573603630065918 0.09375
0.11964130401611328 0.125
0.09873461723327637 0.09375
0.10970711708068848 0.109375
0.08776021003723145 0.078125
0.10208678245544434 0.09375
0.10379219055175781 0.109375
0.09275197982788086 0.09375
0.09474873542785645 0.09375
0.09873580932617188 0.09375
0.09075617790222168 0.203125
0.10207319259643555 0.125
0.08776426315307617 0.078125
0.08377695083618164 0.1875
0.11768507957458496 0.109375
0.08606410026550293 0.078125
0.08654618263244629 0.078125
0.10422229766845703 0.09375
0.09998655319213867 0.09375
0.10272622108459473 0.125
0.09377813339233398 0.09375
0.08838391304016113 0.09375
0.10292983055114746 0.109375
0.09219527244567871 0.078125
0.09691095352172852 0.09375
0.1183767318725586 0.109375
0.09029316902160645 0.078125
0.10464096069335938 0.109375
0.09056997299194336 0.203125
0.09442615509033203 0.203125
0.10502958297729492 0.09375
0.09143757820129395 0.078125
0.08707308769226074 0.15625
0.1066582202911377 0.109375
0.09276747703552246 0.203125
0.11611771583557129 0.109375
0.09741687774658203 0.09375
0.08740806579589844 0.078125
0.10596895217895508 0.109375
0.09063005447387695 0.09375
0.09220314025878906 0.171875
0.11180400848388672 0.109375
0.10606074333190918 0.09375
0.10571742057800293 0.09375
0.08931469917297363 0.078125
0.09739303588867188 0.09375
0.12714290618896484 0.125
0.10087180137634277 0.09375
0.11793088912963867 0.25
0.09709477424621582 0.09375
0.09293317794799805 0.09375
0.10452032089233398 0.109375
0.10206866264343262 0.09375
0.10512328147888184 0.203125
0.09146499633789062 0.09375
0.10046601295471191 0.09375
0.11875510215759277 0.234375
0.10300397872924805 0.09375
0.10151815414428711 0.09375
0.0919036865234375 0.09375
0.09278464317321777 0.09375
0.1102290153503418 0.125
0.09839034080505371 0.109375
0.09077239036560059 0.078125
0.10071063041687012 0.09375
0.09405159950256348 0.09375
0.11122298240661621 0.109375
0.08758711814880371 0.09375
0.09206318855285645 0.09375
0.11157870292663574 0.109375
0.1054530143737793 0.1875
0.09770846366882324 0.09375
0.09778714179992676 0.09375
0.08900976181030273 0.09375
0.1020650863647461 0.109375
0.09221982955932617 0.078125
0.09156489372253418 0.078125
0.10759544372558594 0.21875
0.09119081497192383 0.09375
0.08931589126586914 0.09375
0.1051340103149414 0.09375
0.09234809875488281 0.078125
0.10532069206237793 0.09375
0.09229254722595215 0.09375
0.08815479278564453 0.09375
0.10115218162536621 0.09375
0.09134864807128906 0.078125
0.09639477729797363 0.09375
0.10829496383666992 0.09375
0.09139728546142578 0.078125
0.09546041488647461 0.09375
0.09518146514892578 0.09375
0.09213733673095703 0.09375
0.10368919372558594 0.09375
0.0917520523071289 0.078125
0.10072946548461914 0.09375
0.10571813583374023 0.109375
0.0857703685760498 0.078125
0.09076571464538574 0.09375
0.10072183609008789 0.09375
0.09973359107971191 0.09375
0.11989188194274902 0.109375
0.0957326889038086 0.09375
0.10198092460632324 0.078125
0.10797643661499023 0.09375
0.09238457679748535 0.1875
0.10910916328430176 0.09375
0.09334683418273926 0.078125
0.10141825675964355 0.125
0.10011887550354004 0.109375
0.08596587181091309 0.078125
0.08574390411376953 0.171875
0.10324883460998535 0.09375
0.08818721771240234 0.09375
0.12503981590270996 0.125
0.08780574798583984 0.140625
0.08586859703063965 0.078125
0.12055683135986328 0.234375
0.10361266136169434 0.09375
0.10294032096862793 0.09375
0.08734321594238281 0.15625
0.08997082710266113 0.09375
0.10531473159790039 0.09375
0.09075593948364258 0.078125
0.10339832305908203 0.09375
0.10219025611877441 0.09375
0.0922389030456543 0.109375
0.09817647933959961 0.15625
0.1041409969329834 0.09375
0.0914316177368164 0.078125
0.10993075370788574 0.109375
0.09121346473693848 0.078125
0.0937037467956543 0.09375
0.10672760009765625 0.171875
0.09353899955749512 0.09375
0.10427260398864746 0.109375
0.0926675796508789 0.09375
0.08780169486999512 0.078125
0.10291147232055664 0.09375
0.08971953392028809 0.09375
0.08889245986938477 0.078125
0.10722589492797852 0.09375
0.08758807182312012 0.078125
0.0941317081451416 0.09375
0.10487699508666992 0.125
0.09197187423706055 0.09375
0.1034250259399414 0.109375
0.0903315544128418 0.078125
0.08903026580810547 0.078125
0.11252212524414062 0.109375
0.0934441089630127 0.078125
0.09639096260070801 0.109375
0.10403752326965332 0.09375
0.08846926689147949 0.203125
0.10370850563049316 0.171875
0.09484004974365234 0.09375
0.09351110458374023 0.09375
0.11011624336242676 0.109375
0.08991813659667969 0.203125
0.10608196258544922 0.09375
0.10385584831237793 0.09375
0.09075760841369629 0.125
0.10170578956604004 0.109375
0.08951592445373535 0.078125
0.0919196605682373 0.078125
0.1128544807434082 0.109375
0.09184575080871582 0.078125
0.09674596786499023 0.09375
0.10090970993041992 0.09375
0.09138369560241699 0.09375
0.1170356273651123 0.109375
0.10761284828186035 0.09375
0.09189105033874512 0.171875
0.10394430160522461 0.109375
0.08698201179504395 0.078125
0.1007533073425293 0.09375
0.09658455848693848 0.109375
0.08985185623168945 0.09375
0.10353612899780273 0.109375
0.09521651268005371 0.203125
0.09178638458251953 0.09375
0.10537242889404297 0.09375
0.08878636360168457 0.203125
0.09663796424865723 0.140625
0.10060453414916992 0.140625
0.09062719345092773 0.078125
0.10870742797851562 0.109375
0.10172867774963379 0.09375
0.09275412559509277 0.09375
0.1136925220489502 0.109375
0.08976173400878906 0.1875
0.11269855499267578 0.109375
0.10389351844787598 0.21875
0.09958052635192871 0.09375
0.09905028343200684 0.109375
0.09277749061584473 0.078125
0.08509945869445801 0.09375
0.10280013084411621 0.109375
0.09139895439147949 0.171875
0.10009646415710449 0.09375
0.09119248390197754 0.09375
0.09567713737487793 0.09375
0.1027219295501709 0.109375
0.09120345115661621 0.09375
0.09636163711547852 0.078125
0.10670137405395508 0.109375
0.0887613296508789 0.078125
0.09574484825134277 0.09375
0.09674263000488281 0.09375
0.10170125961303711 0.09375
0.10272502899169922 0.109375
0.0901188850402832 0.109375
0.09742975234985352 0.09375
0.109954833984375 0.1875
0.0909128189086914 0.125
0.10391092300415039 0.109375
0.09334778785705566 0.09375
0.09061026573181152 0.09375
0.10679173469543457 0.09375
0.0934305191040039 0.078125
0.09384799003601074 0.078125
0.10571694374084473 0.09375
0.10249710083007812 0.09375
0.10175132751464844 0.09375
0.08932924270629883 0.15625
0.11289596557617188 0.09375
0.10870099067687988 0.09375
0.09156012535095215 0.078125
0.09709000587463379 0.09375
0.09500336647033691 0.09375
0.08803272247314453 0.078125
0.10590243339538574 0.109375
0.09380555152893066 0.09375
0.0963892936706543 0.09375
0.10485482215881348 0.09375
0.09270453453063965 0.09375
0.10299563407897949 0.21875
0.09751725196838379 0.09375
0.0997765064239502 0.09375
0.10539031028747559 0.09375
0.08844780921936035 0.09375
0.09024310111999512 0.09375
0.10415363311767578 0.09375
0.09130287170410156 0.0625
0.10505032539367676 0.09375
0.0942087173461914 0.09375
0.0884249210357666 0.09375
0.10750079154968262 0.109375
0.09585404396057129 0.09375
0.10268259048461914 0.171875
0.1107029914855957 0.109375
0.09775948524475098 0.09375
0.10471844673156738 0.109375
0.1047205924987793 0.09375
0.09574317932128906 0.09375
0.1156926155090332 0.109375
0.10113286972045898 0.09375
0.10265946388244629 0.09375
0.09016060829162598 0.203125
0.09939837455749512 0.09375
0.12472200393676758 0.09375
0.09510588645935059 0.09375
0.10220479965209961 0.09375
0.09087371826171875 0.09375
0.09381246566772461 0.09375
0.10310864448547363 0.21875
0.09016799926757812 0.078125
0.08960151672363281 0.078125
0.10826325416564941 0.09375
0.09217214584350586 0.09375
0.10344600677490234 0.125
0.09235739707946777 0.09375
0.09144449234008789 0.09375
0.10506343841552734 0.09375
0.09633922576904297 0.203125
0.0963292121887207 0.09375
0.1083078384399414 0.109375
0.10305500030517578 0.09375
0.10439372062683105 0.09375
0.09064865112304688 0.09375
0.09528279304504395 0.09375
0.11118531227111816 0.109375
0.09124040603637695 0.09375
0.09809637069702148 0.09375
0.10114097595214844 0.203125
0.09349608421325684 0.09375
0.10461926460266113 0.09375
0.09387612342834473 0.078125
0.09055757522583008 0.078125
0.1083383560180664 0.203125
0.08970332145690918 0.09375
0.09559202194213867 0.109375
0.10105371475219727 0.09375
0.09404110908508301 0.09375
0.09770989418029785 0.09375
0.11245441436767578 0.109375
0.09277701377868652 0.078125
0.10729050636291504 0.234375
0.09153294563293457 0.09375
0.09266066551208496 0.09375
0.10671114921569824 0.109375
0.09043073654174805 0.09375
0.10207843780517578 0.09375
0.09302592277526855 0.1875
0.09101033210754395 0.078125
0.11505675315856934 0.234375
0.09246397018432617 0.1875
0.09707498550415039 0.09375
0.10261130332946777 0.109375
0.09124398231506348 0.078125
0.09923267364501953 0.09375
0.09743571281433105 0.09375
0.08830857276916504 0.09375
0.10575318336486816 0.109375
0.09092116355895996 0.09375
0.09775876998901367 0.09375
0.11270022392272949 0.109375
0.09283804893493652 0.09375
0.10999608039855957 0.140625
0.09299874305725098 0.09375
0.09068131446838379 0.09375
0.1065683364868164 0.109375
0.08981561660766602 0.15625
0.10768651962280273 0.09375
0.09874486923217773 0.125
0.10171914100646973 0.09375
0.10569047927856445 0.09375
0.09275245666503906 0.09375
0.09773826599121094 0.09375
0.10571718215942383 0.09375
0.10670232772827148 0.21875
0.10676860809326172 0.109375
0.09322595596313477 0.09375
0.10568547248840332 0.203125
0.10068273544311523 0.09375
0.0909109115600586 0.09375
0.11346793174743652 0.109375
0.09430432319641113 0.171875
0.1008763313293457 0.09375
0.11473584175109863 0.109375
0.09082174301147461 0.09375
0.10007929801940918 0.09375
0.10254812240600586 0.078125
0.10797262191772461 0.203125
0.10227203369140625 0.15625
0.09044337272644043 0.078125
0.09644961357116699 0.09375
0.10038208961486816 0.09375
0.09260749816894531 0.09375
0.10676956176757812 0.109375
0.08964705467224121 0.09375
0.08930540084838867 0.078125
0.11067795753479004 0.203125
0.09743309020996094 0.078125
0.09125971794128418 0.09375
0.09824633598327637 0.09375
0.08966541290283203 0.09375
0.11445856094360352 0.140625
0.09736943244934082 0.09375
0.08917832374572754 0.078125
0.10544562339782715 0.09375
0.09118938446044922 0.09375
0.09088754653930664 0.15625
0.10762763023376465 0.21875
0.0895853042602539 0.078125
0.10283923149108887 0.09375
0.11024785041809082 0.109375
0.0917215347290039 0.09375
0.10605502128601074 0.109375
0.09079718589782715 0.09375
0.10044050216674805 0.09375
0.09722638130187988 0.09375
0.09123539924621582 0.078125
0.10410857200622559 0.171875
0.09252548217773438 0.09375
0.09213924407958984 0.09375
0.10664010047912598 0.109375
0.0916593074798584 0.09375
0.11411285400390625 0.109375
0.0977175235748291 0.09375
0.09604334831237793 0.09375
0.10680365562438965 0.1875
0.09435558319091797 0.09375
0.10106968879699707 0.09375
0.10188770294189453 0.09375
0.09321928024291992 0.09375
0.10800576210021973 0.09375
0.09505629539489746 0.09375
0.09598064422607422 0.171875
0.1014094352722168 0.09375
0.09135198593139648 0.09375
0.09514808654785156 0.09375
0.09852766990661621 0.09375
0.10134696960449219 0.09375
0.1276228427886963 0.125
0.12263274192810059 0.125
0.14461207389831543 0.140625
0.1421213150024414 0.140625
0.16454768180847168 0.171875
0.1437053680419922 0.140625
0.12874960899353027 0.125
0.1173849105834961 0.109375
0.11317873001098633 0.125
0.09788393974304199 0.09375
0.11094021797180176 0.109375
0.09412789344787598 0.09375
0.10395073890686035 0.109375
0.09886407852172852 0.09375
0.09314179420471191 0.09375
0.1086432933807373 0.109375
0.09427189826965332 0.09375
0.09293079376220703 0.09375
0.10400819778442383 0.109375
0.08971452713012695 0.203125
0.10051751136779785 0.09375
0.09306216239929199 0.09375
0.10404706001281738 0.09375
0.11998414993286133 0.125
0.09375286102294922 0.09375
0.10824918746948242 0.09375
0.0976724624633789 0.09375
0.09470343589782715 0.09375
0.10571908950805664 0.203125
0.09253191947937012 0.09375
0.09736299514770508 0.09375
0.10593605041503906 0.1875
0.09137296676635742 0.078125
0.10507798194885254 0.09375
0.09000682830810547 0.09375
0.10411596298217773 0.09375
0.10542774200439453 0.109375
0.09161233901977539 0.078125
0.10188460350036621 0.09375
0.09873270988464355 0.09375
0.09175682067871094 0.09375
0.1027231216430664 0.09375
0.09148907661437988 0.09375
0.08920645713806152 0.09375
0.11564350128173828 0.109375
0.09472417831420898 0.09375
0.10561394691467285 0.109375
0.09538602828979492 0.09375
0.09325242042541504 0.09375
0.1038062572479248 0.109375
0.09478259086608887 0.09375
0.09625625610351562 0.09375
0.12478137016296387 0.125
0.1186821460723877 0.125
0.10870718955993652 0.109375
0.09737563133239746 0.09375
0.10773420333862305 0.109375
0.09914040565490723 0.09375
0.09344196319580078 0.078125
0.10817217826843262 0.09375
0.09586715698242188 0.09375
0.1077117919921875 0.09375
0.09995603561401367 0.09375
0.08881044387817383 0.1875
0.11156821250915527 0.109375
0.09668397903442383 0.09375
0.09378719329833984 0.09375
0.10814642906188965 0.125
0.0928657054901123 0.09375
0.10367488861083984 0.171875
0.09763002395629883 0.09375
0.0936589241027832 0.09375
0.10550308227539062 0.109375
0.09458136558532715 0.09375
0.09040594100952148 0.09375
0.10539627075195312 0.09375
0.09380412101745605 0.078125
0.10634851455688477 0.09375
0.09278702735900879 0.078125
0.0899820327758789 0.078125
0.10955953598022461 0.125
0.09027338027954102 0.09375
0.09728503227233887 0.09375
0.10103750228881836 0.109375
0.09339523315429688 0.09375
0.11139035224914551 0.109375
0.09504342079162598 0.09375
0.0929727554321289 0.09375
0.11610889434814453 0.125
0.0952908992767334 0.09375
0.10918164253234863 0.203125
0.10113906860351562 0.09375
0.09174847602844238 0.09375
0.10449385643005371 0.109375
0.09171891212463379 0.203125
0.10024523735046387 0.078125
0.10763835906982422 0.109375
0.09248518943786621 0.09375
0.11722636222839355 0.109375
0.09373164176940918 0.078125
0.09155488014221191 0.078125
0.10665297508239746 0.21875
0.09127426147460938 0.09375
0.1030738353729248 0.15625
0.0926203727722168 0.15625
0.09824490547180176 0.09375
0.10498976707458496 0.109375
0.09260177612304688 0.09375
0.10544252395629883 0.09375
0.10305380821228027 0.09375
0.09495258331298828 0.09375
0.11080789566040039 0.109375
0.09633731842041016 0.078125
0.09250593185424805 0.078125
0.10900545120239258 0.09375
0.09305000305175781 0.078125
0.1022498607635498 0.09375
0.09825944900512695 0.09375
0.10044074058532715 0.109375
0.10655713081359863 0.21875
0.09092307090759277 0.078125
0.09580564498901367 0.09375
0.10173511505126953 0.09375
0.09001779556274414 0.203125
0.10073065757751465 0.09375
0.09474515914916992 0.15625
0.09398961067199707 0.203125
0.11102604866027832 0.109375
0.09418749809265137 0.09375
0.10348773002624512 0.09375
0.10372114181518555 0.09375
0.09374690055847168 0.09375
0.10870909690856934 0.109375
0.10234951972961426 0.21875
0.10149598121643066 0.09375
0.10448670387268066 0.09375
0.09547972679138184 0.09375
0.10729241371154785 0.109375
0.09466719627380371 0.09375
0.09857606887817383 0.09375
0.12388038635253906 0.109375
0.09786128997802734 0.09375
0.10876345634460449 0.109375
0.09716486930847168 0.09375
0.11932659149169922 0.125
0.12264561653137207 0.109375
