0.004987239837646484
0.0009970664978027344
0.0019958019256591797
0.001994609832763672
0.0
0.0009975433349609375
0.0019936561584472656
0.0019931793212890625
0.002044677734375
0.0010135173797607422
0.001992940902709961
0.0009968280792236328
0.006981372833251953
0.0019943714141845703
0.0019919872283935547
0.01282191276550293
0.0010933876037597656
0.0009982585906982422
0.0009968280792236328
0.0009992122650146484
0.001993894577026367
0.000997781753540039
0.0008647441864013672
0.000997304916381836
0.001010894775390625
0.0013396739959716797
0.001990795135498047
0.0019850730895996094
0.0019974708557128906
1.4741902351379395
0.000997304916381836
0.005800724029541016
0.0021119117736816406
0.0019941329956054688
0.001996278762817383
0.0009987354278564453
0.001972198486328125
0.0019898414611816406
0.001992464065551758
0.001996755599975586
0.0009980201721191406
0.001994609832763672
0.0009984970092773438
0.001992940902709961
0.0020186901092529297
0.002014636993408203
0.0010714530944824219
0.0009984970092773438
0.0009953975677490234
0.002000570297241211
0.0010368824005126953
0.0019931793212890625
0.0019941329956054688
0.0009980201721191406
0.001988649368286133
0.0019931793212890625
0.001995563507080078
0.000997304916381836
0.001986265182495117
0.0009949207305908203
0.0009963512420654297
0.001993417739868164
0.0010373592376708984
0.001997232437133789
0.000997304916381836
0.00099945068359375
0.0010254383087158203
0.0029926300048828125
0.0009975433349609375
0.001991748809814453
0.0029904842376708984
0.000997781753540039
0.001996755599975586
0.001994609832763672
0.0009989738464355469
0.0009963512420654297
0.0019936561584472656
0.0019948482513427734
0.0009722709655761719
0.0009958744049072266
0.0009965896606445312
0.0015952587127685547
0.0009949207305908203
0.0020134449005126953
0.0010762214660644531
0.0009965896606445312
0.0019953250885009766
0.0009975433349609375
0.0011136531829833984
0.0020029544830322266
0.0009963512420654297
0.0009970664978027344
0.001993894577026367
0.0029909610748291016
0.0009725093841552734
0.0010058879852294922
0.0009965896606445312
0.0010013580322265625
0.0019941329956054688
0.0009992122650146484
0.002066373825073242
0.0009975433349609375
0.0009958744049072266
0.0009965896606445312
0.001999378204345703
0.002051830291748047
0.002046346664428711
0.0009963512420654297
0.001995086669921875
0.0009970664978027344
0.0019941329956054688
0.001996755599975586
0.0009975433349609375
0.0019943714141845703
0.001994609832763672
0.0019941329956054688
0.00099945068359375
0.0010347366333007812
0.0019974708557128906
0.0009980201721191406
0.0009980201721191406
0.0019953250885009766
0.0019936561584472656
0.001993417739868164
0.001050710678100586
0.0009992122650146484
0.0009996891021728516
0.0019931793212890625
0.0010957717895507812
0.0020380020141601562
0.000997304916381836
0.0019927024841308594
0.0009987354278564453
0.0020530223846435547
0.000997781753540039
0.0010335445404052734
0.0019943714141845703
0.0009975433349609375
0.0010166168212890625
0.001995086669921875
0.0009992122650146484
0.0010123252868652344
0.001992464065551758
0.001993417739868164
0.0010499954223632812
0.0020225048065185547
0.000997781753540039
0.0009968280792236328
0.0019948482513427734
0.0019927024841308594
0.0009965896606445312
0.0009965896606445312
0.0019974708557128906
0.0009982585906982422
0.001226663589477539
0.0019943714141845703
0.0019958019256591797
0.0020513534545898438
0.0019953250885009766
0.0009961128234863281
0.0009975433349609375
0.0019958019256591797
0.0009968280792236328
0.001008749008178711
0.0009970664978027344
0.001993894577026367
0.0009996891021728516
0.0009970664978027344
0.0019936561584472656
0.0009987354278564453
0.0009670257568359375
0.001990795135498047
0.000997781753540039
0.0029900074005126953
0.0020596981048583984
0.000978708267211914
0.0020084381103515625
0.0019958019256591797
0.0009975433349609375
0.0019960403442382812
0.0010728836059570312
0.0010557174682617188
0.0009829998016357422
0.0009984970092773438
0.0009982585906982422
0.001995563507080078
0.0019943714141845703
0.0009982585906982422
0.0020437240600585938
0.0030400753021240234
0.0010132789611816406
0.001994609832763672
0.000997304916381836
0.0009992122650146484
0.001991748809814453
0.0019941329956054688
0.0019931793212890625
0.001995563507080078
0.001994609832763672
0.001994609832763672
0.002053499221801758
0.0019936561584472656
0.0009958744049072266
0.002019643783569336
0.0010750293731689453
0.0019865036010742188
0.0009982585906982422
0.000997304916381836
0.0019943714141845703
0.0009975433349609375
0.000995635986328125
0.001994609832763672
0.001997232437133789
0.0009975433349609375
0.002993345260620117
0.000993967056274414
0.0019931793212890625
0.0009970664978027344
0.0009975433349609375
0.001992464065551758
0.0019953250885009766
0.001995086669921875
0.0009942054748535156
0.000997304916381836
0.0009963512420654297
0.0009975433349609375
0.001995563507080078
0.0009953975677490234
0.0019965171813964844
0.0019941329956054688
0.0009987354278564453
0.001026153564453125
0.0009894371032714844
0.0009965896606445312
0.000997781753540039
0.001995086669921875
0.000995635986328125
0.0029938220977783203
0.0020456314086914062
0.000995635986328125
0.0009965896606445312
0.0019960403442382812
0.0009975433349609375
0.001012563705444336
0.0009970664978027344
0.0009961128234863281
0.0009989738464355469
0.001575469970703125
0.0009968280792236328
0.0019888877868652344
0.0011050701141357422
0.0020475387573242188
0.0019958019256591797
0.0010387897491455078
0.001995086669921875
0.0009968280792236328
0.0029916763305664062
0.002048969268798828
0.0010597705841064453
0.000997781753540039
0.0019958019256591797
0.002054452896118164
0.0010790824890136719
0.0029926300048828125
0.000993967056274414
0.0020742416381835938
0.002992868423461914
0.0009970664978027344
0.001995086669921875
0.0010485649108886719
0.0012960433959960938
0.000995635986328125
0.0019969940185546875
0.0009984970092773438
0.0009975433349609375
0.0009963512420654297
0.0019931793212890625
0.0009989738464355469
0.0009984970092773438
0.0019948482513427734
0.0009980201721191406
0.0019948482513427734
0.0019974708557128906
0.0019927024841308594
0.0010395050048828125
0.001996278762817383
0.0009908676147460938
0.0009987354278564453
0.0019943714141845703
0.0010275840759277344
0.0010027885437011719
0.0009963512420654297
0.0009732246398925781
0.0009989738464355469
0.0009849071502685547
0.0020520687103271484
0.0009984970092773438
0.0009827613830566406
0.0009965896606445312
