0
0
0
0
0
0
0
0
0
0
93750000
0
0
0
0
0
0
0
0
0
0
0
0
0
0
0
0
0
0
171875000
0
0
0
0
0
0
0
0
0
0
0
0
0
0
0
0
0
0
0
46875000
31250000
15625000
0
0
0
0
0
0
15625000
0
0
0
0
0
0
0
0
0
93750000
0
0
0
0
0
0
0
0
0
15625000
0
0
15625000
0
0
0
0
15625000
0
0
0
0
0
0
109375000
0
0
0
0
0
0
0
0
0
0
15625000
0
15625000
0
0
0
0
0
0
0
0
0
0
0
0
0
15625000
0
15625000
0
0
0
0
0
0
0
0
0
0
0
0
0
0
0
0
0
0
0
0
0
0
0
0
0
0
0
0
0
0
0
0
0
0
78125000
0
0
0
0
15625000
0
0
0
0
0
0
0
0
0
0
0
0
0
0
0
0
0
0
0
93750000
0
0
0
0
0
0
0
0
15625000
0
0
0
0
0
0
0
0
0
93750000
0
0
0
15625000
0
0
0
0
0
0
0
0
0
0
0
0
0
15625000
0
0
0
0
0
0
0
0
0
78125000
0
0
0
0
0
0
0
0
15625000
0
0
0
0
0
0
0
0
46875000
0
0
0
0
0
0
0
0
15625000
0
0
0
0
0
0
0
0
0
78125000
0
0
0
0
0
0
0
0
0
0
0
0
0
0
15625000
0
0
0
0
0
0
0
15625000
0
0
0
0
0
93750000
0
0
0
